2018-02-22 15:32:28,721 - elsapy.elsclient - INFO - Module loaded.
2018-02-22 15:32:28,753 - elsapy.elssearch - INFO - Module loaded.
2018-02-22 15:32:40,877 - elsapy.elsclient - INFO - Sending GET request to https://api.elsevier.com/content/search/scopus?query=SUBJAREA(MATE) AND DOCTYPE(ar) AND LANGUAGE(english) AND PUBYEAR = 2014 AND ISSN(0925-8388) OR EISSN(0925-8388)
2018-02-22 15:32:42,976 - elsapy.elsclient - INFO - Sending GET request to https://api.elsevier.com/content/search/scopus?start=25&count=25&query=SUBJAREA%28MATE%29+AND+DOCTYPE%28ar%29+AND+LANGUAGE%28english%29+AND+PUBYEAR+%3D+2014+AND+ISSN%280925-8388%29+OR+EISSN%280925-8388%29
2018-02-22 15:32:45,208 - elsapy.elsclient - INFO - Sending GET request to https://api.elsevier.com/content/search/scopus?start=50&count=25&query=SUBJAREA%28MATE%29+AND+DOCTYPE%28ar%29+AND+LANGUAGE%28english%29+AND+PUBYEAR+%3D+2014+AND+ISSN%280925-8388%29+OR+EISSN%280925-8388%29
2018-02-22 15:32:47,970 - elsapy.elsclient - INFO - Sending GET request to https://api.elsevier.com/content/search/scopus?start=75&count=25&query=SUBJAREA%28MATE%29+AND+DOCTYPE%28ar%29+AND+LANGUAGE%28english%29+AND+PUBYEAR+%3D+2014+AND+ISSN%280925-8388%29+OR+EISSN%280925-8388%29
2018-02-22 15:32:50,326 - elsapy.elsclient - INFO - Sending GET request to https://api.elsevier.com/content/search/scopus?start=100&count=25&query=SUBJAREA%28MATE%29+AND+DOCTYPE%28ar%29+AND+LANGUAGE%28english%29+AND+PUBYEAR+%3D+2014+AND+ISSN%280925-8388%29+OR+EISSN%280925-8388%29
2018-02-22 15:32:51,887 - elsapy.elsclient - INFO - Module loaded.
2018-02-22 15:32:51,919 - elsapy.elssearch - INFO - Module loaded.
2018-02-22 15:32:52,781 - elsapy.elsclient - INFO - Sending GET request to https://api.elsevier.com/content/search/scopus?start=125&count=25&query=SUBJAREA%28MATE%29+AND+DOCTYPE%28ar%29+AND+LANGUAGE%28english%29+AND+PUBYEAR+%3D+2014+AND+ISSN%280925-8388%29+OR+EISSN%280925-8388%29
2018-02-22 15:32:54,935 - elsapy.elsclient - INFO - Sending GET request to https://api.elsevier.com/content/search/scopus?start=150&count=25&query=SUBJAREA%28MATE%29+AND+DOCTYPE%28ar%29+AND+LANGUAGE%28english%29+AND+PUBYEAR+%3D+2014+AND+ISSN%280925-8388%29+OR+EISSN%280925-8388%29
2018-02-22 15:32:57,091 - elsapy.elsclient - INFO - Sending GET request to https://api.elsevier.com/content/search/scopus?start=175&count=25&query=SUBJAREA%28MATE%29+AND+DOCTYPE%28ar%29+AND+LANGUAGE%28english%29+AND+PUBYEAR+%3D+2014+AND+ISSN%280925-8388%29+OR+EISSN%280925-8388%29
2018-02-22 15:32:59,031 - elsapy.elsclient - INFO - Sending GET request to https://api.elsevier.com/content/search/scopus?start=200&count=25&query=SUBJAREA%28MATE%29+AND+DOCTYPE%28ar%29+AND+LANGUAGE%28english%29+AND+PUBYEAR+%3D+2014+AND+ISSN%280925-8388%29+OR+EISSN%280925-8388%29
2018-02-22 15:33:01,282 - elsapy.elsclient - INFO - Sending GET request to https://api.elsevier.com/content/search/scopus?start=225&count=25&query=SUBJAREA%28MATE%29+AND+DOCTYPE%28ar%29+AND+LANGUAGE%28english%29+AND+PUBYEAR+%3D+2014+AND+ISSN%280925-8388%29+OR+EISSN%280925-8388%29
2018-02-22 15:33:03,482 - elsapy.elsclient - INFO - Sending GET request to https://api.elsevier.com/content/search/scopus?query=SUBJAREA(MATE) AND DOCTYPE(ar) AND LANGUAGE(english) AND PUBYEAR = 1968 AND ISSN(0022-3115) OR EISSN(0022-3115)
2018-02-22 15:33:03,506 - elsapy.elsclient - INFO - Sending GET request to https://api.elsevier.com/content/search/scopus?start=250&count=25&query=SUBJAREA%28MATE%29+AND+DOCTYPE%28ar%29+AND+LANGUAGE%28english%29+AND+PUBYEAR+%3D+2014+AND+ISSN%280925-8388%29+OR+EISSN%280925-8388%29
2018-02-22 15:33:05,535 - elsapy.elsclient - INFO - Sending GET request to https://api.elsevier.com/content/search/scopus?start=25&count=25&query=SUBJAREA%28MATE%29+AND+DOCTYPE%28ar%29+AND+LANGUAGE%28english%29+AND+PUBYEAR+%3D+1968+AND+ISSN%280022-3115%29+OR+EISSN%280022-3115%29
2018-02-22 15:33:05,788 - elsapy.elsclient - INFO - Sending GET request to https://api.elsevier.com/content/search/scopus?start=275&count=25&query=SUBJAREA%28MATE%29+AND+DOCTYPE%28ar%29+AND+LANGUAGE%28english%29+AND+PUBYEAR+%3D+2014+AND+ISSN%280925-8388%29+OR+EISSN%280925-8388%29
2018-02-22 15:33:07,941 - elsapy.elsclient - INFO - Sending GET request to https://api.elsevier.com/content/search/scopus?start=300&count=25&query=SUBJAREA%28MATE%29+AND+DOCTYPE%28ar%29+AND+LANGUAGE%28english%29+AND+PUBYEAR+%3D+2014+AND+ISSN%280925-8388%29+OR+EISSN%280925-8388%29
2018-02-22 15:33:07,941 - elsapy.elsclient - INFO - Sending GET request to https://api.elsevier.com/content/search/scopus?start=50&count=25&query=SUBJAREA%28MATE%29+AND+DOCTYPE%28ar%29+AND+LANGUAGE%28english%29+AND+PUBYEAR+%3D+1968+AND+ISSN%280022-3115%29+OR+EISSN%280022-3115%29
2018-02-22 15:33:09,783 - elsapy.elsclient - INFO - Sending GET request to https://api.elsevier.com/content/search/scopus?start=75&count=25&query=SUBJAREA%28MATE%29+AND+DOCTYPE%28ar%29+AND+LANGUAGE%28english%29+AND+PUBYEAR+%3D+1968+AND+ISSN%280022-3115%29+OR+EISSN%280022-3115%29
2018-02-22 15:33:09,926 - elsapy.elsclient - INFO - Sending GET request to https://api.elsevier.com/content/search/scopus?start=325&count=25&query=SUBJAREA%28MATE%29+AND+DOCTYPE%28ar%29+AND+LANGUAGE%28english%29+AND+PUBYEAR+%3D+2014+AND+ISSN%280925-8388%29+OR+EISSN%280925-8388%29
2018-02-22 15:33:12,108 - elsapy.elsclient - INFO - Sending GET request to https://api.elsevier.com/content/search/scopus?start=350&count=25&query=SUBJAREA%28MATE%29+AND+DOCTYPE%28ar%29+AND+LANGUAGE%28english%29+AND+PUBYEAR+%3D+2014+AND+ISSN%280925-8388%29+OR+EISSN%280925-8388%29
2018-02-22 15:33:14,115 - elsapy.elsclient - INFO - Sending GET request to https://api.elsevier.com/content/search/scopus?start=375&count=25&query=SUBJAREA%28MATE%29+AND+DOCTYPE%28ar%29+AND+LANGUAGE%28english%29+AND+PUBYEAR+%3D+2014+AND+ISSN%280925-8388%29+OR+EISSN%280925-8388%29
2018-02-22 15:33:16,209 - elsapy.elsclient - INFO - Sending GET request to https://api.elsevier.com/content/search/scopus?start=400&count=25&query=SUBJAREA%28MATE%29+AND+DOCTYPE%28ar%29+AND+LANGUAGE%28english%29+AND+PUBYEAR+%3D+2014+AND+ISSN%280925-8388%29+OR+EISSN%280925-8388%29
2018-02-22 15:33:18,126 - elsapy.elsclient - INFO - Sending GET request to https://api.elsevier.com/content/search/scopus?start=425&count=25&query=SUBJAREA%28MATE%29+AND+DOCTYPE%28ar%29+AND+LANGUAGE%28english%29+AND+PUBYEAR+%3D+2014+AND+ISSN%280925-8388%29+OR+EISSN%280925-8388%29
2018-02-22 15:33:20,334 - elsapy.elsclient - INFO - Sending GET request to https://api.elsevier.com/content/search/scopus?start=450&count=25&query=SUBJAREA%28MATE%29+AND+DOCTYPE%28ar%29+AND+LANGUAGE%28english%29+AND+PUBYEAR+%3D+2014+AND+ISSN%280925-8388%29+OR+EISSN%280925-8388%29
2018-02-22 15:33:23,603 - elsapy.elsclient - INFO - Sending GET request to https://api.elsevier.com/content/search/scopus?start=475&count=25&query=SUBJAREA%28MATE%29+AND+DOCTYPE%28ar%29+AND+LANGUAGE%28english%29+AND+PUBYEAR+%3D+2014+AND+ISSN%280925-8388%29+OR+EISSN%280925-8388%29
2018-02-22 15:33:26,686 - elsapy.elsclient - INFO - Sending GET request to https://api.elsevier.com/content/search/scopus?start=500&count=25&query=SUBJAREA%28MATE%29+AND+DOCTYPE%28ar%29+AND+LANGUAGE%28english%29+AND+PUBYEAR+%3D+2014+AND+ISSN%280925-8388%29+OR+EISSN%280925-8388%29
2018-02-22 15:33:28,729 - elsapy.elsclient - INFO - Sending GET request to https://api.elsevier.com/content/search/scopus?start=525&count=25&query=SUBJAREA%28MATE%29+AND+DOCTYPE%28ar%29+AND+LANGUAGE%28english%29+AND+PUBYEAR+%3D+2014+AND+ISSN%280925-8388%29+OR+EISSN%280925-8388%29
2018-02-22 15:33:31,145 - elsapy.elsclient - INFO - Sending GET request to https://api.elsevier.com/content/search/scopus?start=550&count=25&query=SUBJAREA%28MATE%29+AND+DOCTYPE%28ar%29+AND+LANGUAGE%28english%29+AND+PUBYEAR+%3D+2014+AND+ISSN%280925-8388%29+OR+EISSN%280925-8388%29
2018-02-22 15:33:33,907 - elsapy.elsclient - INFO - Sending GET request to https://api.elsevier.com/content/search/scopus?start=575&count=25&query=SUBJAREA%28MATE%29+AND+DOCTYPE%28ar%29+AND+LANGUAGE%28english%29+AND+PUBYEAR+%3D+2014+AND+ISSN%280925-8388%29+OR+EISSN%280925-8388%29
2018-02-22 15:33:35,926 - elsapy.elsclient - INFO - Sending GET request to https://api.elsevier.com/content/search/scopus?start=600&count=25&query=SUBJAREA%28MATE%29+AND+DOCTYPE%28ar%29+AND+LANGUAGE%28english%29+AND+PUBYEAR+%3D+2014+AND+ISSN%280925-8388%29+OR+EISSN%280925-8388%29
2018-02-22 15:33:38,030 - elsapy.elsclient - INFO - Sending GET request to https://api.elsevier.com/content/search/scopus?start=625&count=25&query=SUBJAREA%28MATE%29+AND+DOCTYPE%28ar%29+AND+LANGUAGE%28english%29+AND+PUBYEAR+%3D+2014+AND+ISSN%280925-8388%29+OR+EISSN%280925-8388%29
2018-02-22 15:33:38,214 - elsapy.elsclient - INFO - Module loaded.
2018-02-22 15:33:38,250 - elsapy.elssearch - INFO - Module loaded.
2018-02-22 15:33:40,121 - elsapy.elsclient - INFO - Sending GET request to https://api.elsevier.com/content/search/scopus?start=650&count=25&query=SUBJAREA%28MATE%29+AND+DOCTYPE%28ar%29+AND+LANGUAGE%28english%29+AND+PUBYEAR+%3D+2014+AND+ISSN%280925-8388%29+OR+EISSN%280925-8388%29
2018-02-22 15:33:42,017 - elsapy.elsclient - INFO - Sending GET request to https://api.elsevier.com/content/search/scopus?start=675&count=25&query=SUBJAREA%28MATE%29+AND+DOCTYPE%28ar%29+AND+LANGUAGE%28english%29+AND+PUBYEAR+%3D+2014+AND+ISSN%280925-8388%29+OR+EISSN%280925-8388%29
2018-02-22 15:33:44,040 - elsapy.elsclient - INFO - Sending GET request to https://api.elsevier.com/content/search/scopus?start=700&count=25&query=SUBJAREA%28MATE%29+AND+DOCTYPE%28ar%29+AND+LANGUAGE%28english%29+AND+PUBYEAR+%3D+2014+AND+ISSN%280925-8388%29+OR+EISSN%280925-8388%29
2018-02-22 15:33:45,914 - elsapy.elsclient - INFO - Sending GET request to https://api.elsevier.com/content/search/scopus?start=725&count=25&query=SUBJAREA%28MATE%29+AND+DOCTYPE%28ar%29+AND+LANGUAGE%28english%29+AND+PUBYEAR+%3D+2014+AND+ISSN%280925-8388%29+OR+EISSN%280925-8388%29
2018-02-22 15:33:47,876 - elsapy.elsclient - INFO - Sending GET request to https://api.elsevier.com/content/search/scopus?start=750&count=25&query=SUBJAREA%28MATE%29+AND+DOCTYPE%28ar%29+AND+LANGUAGE%28english%29+AND+PUBYEAR+%3D+2014+AND+ISSN%280925-8388%29+OR+EISSN%280925-8388%29
2018-02-22 15:33:49,633 - elsapy.elsclient - INFO - Sending GET request to https://api.elsevier.com/content/search/scopus?query=SUBJAREA(MATE) AND DOCTYPE(ar) AND LANGUAGE(english) AND PUBYEAR = 2015 AND ISSN(0022-4596) OR EISSN(0022-4596)
2018-02-22 15:33:49,782 - elsapy.elsclient - INFO - Sending GET request to https://api.elsevier.com/content/search/scopus?start=775&count=25&query=SUBJAREA%28MATE%29+AND+DOCTYPE%28ar%29+AND+LANGUAGE%28english%29+AND+PUBYEAR+%3D+2014+AND+ISSN%280925-8388%29+OR+EISSN%280925-8388%29
2018-02-22 15:33:51,516 - elsapy.elsclient - INFO - Sending GET request to https://api.elsevier.com/content/search/scopus?start=25&count=25&query=SUBJAREA%28MATE%29+AND+DOCTYPE%28ar%29+AND+LANGUAGE%28english%29+AND+PUBYEAR+%3D+2015+AND+ISSN%280022-4596%29+OR+EISSN%280022-4596%29
2018-02-22 15:33:51,626 - elsapy.elsclient - INFO - Sending GET request to https://api.elsevier.com/content/search/scopus?start=800&count=25&query=SUBJAREA%28MATE%29+AND+DOCTYPE%28ar%29+AND+LANGUAGE%28english%29+AND+PUBYEAR+%3D+2014+AND+ISSN%280925-8388%29+OR+EISSN%280925-8388%29
2018-02-22 15:33:53,511 - elsapy.elsclient - INFO - Sending GET request to https://api.elsevier.com/content/search/scopus?start=50&count=25&query=SUBJAREA%28MATE%29+AND+DOCTYPE%28ar%29+AND+LANGUAGE%28english%29+AND+PUBYEAR+%3D+2015+AND+ISSN%280022-4596%29+OR+EISSN%280022-4596%29
2018-02-22 15:33:53,549 - elsapy.elsclient - INFO - Sending GET request to https://api.elsevier.com/content/search/scopus?start=825&count=25&query=SUBJAREA%28MATE%29+AND+DOCTYPE%28ar%29+AND+LANGUAGE%28english%29+AND+PUBYEAR+%3D+2014+AND+ISSN%280925-8388%29+OR+EISSN%280925-8388%29
2018-02-22 15:33:55,762 - elsapy.elsclient - INFO - Sending GET request to https://api.elsevier.com/content/search/scopus?start=75&count=25&query=SUBJAREA%28MATE%29+AND+DOCTYPE%28ar%29+AND+LANGUAGE%28english%29+AND+PUBYEAR+%3D+2015+AND+ISSN%280022-4596%29+OR+EISSN%280022-4596%29
2018-02-22 15:33:55,814 - elsapy.elsclient - INFO - Sending GET request to https://api.elsevier.com/content/search/scopus?start=850&count=25&query=SUBJAREA%28MATE%29+AND+DOCTYPE%28ar%29+AND+LANGUAGE%28english%29+AND+PUBYEAR+%3D+2014+AND+ISSN%280925-8388%29+OR+EISSN%280925-8388%29
2018-02-22 15:33:57,933 - elsapy.elsclient - INFO - Sending GET request to https://api.elsevier.com/content/search/scopus?start=100&count=25&query=SUBJAREA%28MATE%29+AND+DOCTYPE%28ar%29+AND+LANGUAGE%28english%29+AND+PUBYEAR+%3D+2015+AND+ISSN%280022-4596%29+OR+EISSN%280022-4596%29
2018-02-22 15:33:58,279 - elsapy.elsclient - INFO - Sending GET request to https://api.elsevier.com/content/search/scopus?start=875&count=25&query=SUBJAREA%28MATE%29+AND+DOCTYPE%28ar%29+AND+LANGUAGE%28english%29+AND+PUBYEAR+%3D+2014+AND+ISSN%280925-8388%29+OR+EISSN%280925-8388%29
2018-02-22 15:33:59,759 - elsapy.elsclient - INFO - Sending GET request to https://api.elsevier.com/content/search/scopus?start=125&count=25&query=SUBJAREA%28MATE%29+AND+DOCTYPE%28ar%29+AND+LANGUAGE%28english%29+AND+PUBYEAR+%3D+2015+AND+ISSN%280022-4596%29+OR+EISSN%280022-4596%29
2018-02-22 15:34:00,783 - elsapy.elsclient - INFO - Sending GET request to https://api.elsevier.com/content/search/scopus?start=900&count=25&query=SUBJAREA%28MATE%29+AND+DOCTYPE%28ar%29+AND+LANGUAGE%28english%29+AND+PUBYEAR+%3D+2014+AND+ISSN%280925-8388%29+OR+EISSN%280925-8388%29
2018-02-22 15:34:01,695 - elsapy.elsclient - INFO - Sending GET request to https://api.elsevier.com/content/search/scopus?start=150&count=25&query=SUBJAREA%28MATE%29+AND+DOCTYPE%28ar%29+AND+LANGUAGE%28english%29+AND+PUBYEAR+%3D+2015+AND+ISSN%280022-4596%29+OR+EISSN%280022-4596%29
2018-02-22 15:34:02,913 - elsapy.elsclient - INFO - Sending GET request to https://api.elsevier.com/content/search/scopus?start=925&count=25&query=SUBJAREA%28MATE%29+AND+DOCTYPE%28ar%29+AND+LANGUAGE%28english%29+AND+PUBYEAR+%3D+2014+AND+ISSN%280925-8388%29+OR+EISSN%280925-8388%29
2018-02-22 15:34:04,090 - elsapy.elsclient - INFO - Sending GET request to https://api.elsevier.com/content/search/scopus?start=175&count=25&query=SUBJAREA%28MATE%29+AND+DOCTYPE%28ar%29+AND+LANGUAGE%28english%29+AND+PUBYEAR+%3D+2015+AND+ISSN%280022-4596%29+OR+EISSN%280022-4596%29
2018-02-22 15:34:05,190 - elsapy.elsclient - INFO - Sending GET request to https://api.elsevier.com/content/search/scopus?start=950&count=25&query=SUBJAREA%28MATE%29+AND+DOCTYPE%28ar%29+AND+LANGUAGE%28english%29+AND+PUBYEAR+%3D+2014+AND+ISSN%280925-8388%29+OR+EISSN%280925-8388%29
2018-02-22 15:34:05,908 - elsapy.elsclient - INFO - Sending GET request to https://api.elsevier.com/content/search/scopus?start=200&count=25&query=SUBJAREA%28MATE%29+AND+DOCTYPE%28ar%29+AND+LANGUAGE%28english%29+AND+PUBYEAR+%3D+2015+AND+ISSN%280022-4596%29+OR+EISSN%280022-4596%29
2018-02-22 15:34:07,740 - elsapy.elsclient - INFO - Sending GET request to https://api.elsevier.com/content/search/scopus?start=975&count=25&query=SUBJAREA%28MATE%29+AND+DOCTYPE%28ar%29+AND+LANGUAGE%28english%29+AND+PUBYEAR+%3D+2014+AND+ISSN%280925-8388%29+OR+EISSN%280925-8388%29
2018-02-22 15:34:07,740 - elsapy.elsclient - INFO - Sending GET request to https://api.elsevier.com/content/search/scopus?start=225&count=25&query=SUBJAREA%28MATE%29+AND+DOCTYPE%28ar%29+AND+LANGUAGE%28english%29+AND+PUBYEAR+%3D+2015+AND+ISSN%280022-4596%29+OR+EISSN%280022-4596%29
2018-02-22 15:34:09,683 - elsapy.elsclient - INFO - Sending GET request to https://api.elsevier.com/content/search/scopus?start=1000&count=25&query=SUBJAREA%28MATE%29+AND+DOCTYPE%28ar%29+AND+LANGUAGE%28english%29+AND+PUBYEAR+%3D+2014+AND+ISSN%280925-8388%29+OR+EISSN%280925-8388%29
2018-02-22 15:34:09,683 - elsapy.elsclient - INFO - Sending GET request to https://api.elsevier.com/content/search/scopus?start=250&count=25&query=SUBJAREA%28MATE%29+AND+DOCTYPE%28ar%29+AND+LANGUAGE%28english%29+AND+PUBYEAR+%3D+2015+AND+ISSN%280022-4596%29+OR+EISSN%280022-4596%29
2018-02-22 15:34:11,540 - elsapy.elsclient - INFO - Sending GET request to https://api.elsevier.com/content/search/scopus?start=275&count=25&query=SUBJAREA%28MATE%29+AND+DOCTYPE%28ar%29+AND+LANGUAGE%28english%29+AND+PUBYEAR+%3D+2015+AND+ISSN%280022-4596%29+OR+EISSN%280022-4596%29
2018-02-22 15:34:11,758 - elsapy.elsclient - INFO - Sending GET request to https://api.elsevier.com/content/search/scopus?start=1025&count=25&query=SUBJAREA%28MATE%29+AND+DOCTYPE%28ar%29+AND+LANGUAGE%28english%29+AND+PUBYEAR+%3D+2014+AND+ISSN%280925-8388%29+OR+EISSN%280925-8388%29
2018-02-22 15:34:13,458 - elsapy.elsclient - INFO - Sending GET request to https://api.elsevier.com/content/search/scopus?start=300&count=25&query=SUBJAREA%28MATE%29+AND+DOCTYPE%28ar%29+AND+LANGUAGE%28english%29+AND+PUBYEAR+%3D+2015+AND+ISSN%280022-4596%29+OR+EISSN%280022-4596%29
2018-02-22 15:34:13,601 - elsapy.elsclient - INFO - Sending GET request to https://api.elsevier.com/content/search/scopus?start=1050&count=25&query=SUBJAREA%28MATE%29+AND+DOCTYPE%28ar%29+AND+LANGUAGE%28english%29+AND+PUBYEAR+%3D+2014+AND+ISSN%280925-8388%29+OR+EISSN%280925-8388%29
2018-02-22 15:34:15,334 - elsapy.elsclient - INFO - Sending GET request to https://api.elsevier.com/content/search/scopus?start=325&count=25&query=SUBJAREA%28MATE%29+AND+DOCTYPE%28ar%29+AND+LANGUAGE%28english%29+AND+PUBYEAR+%3D+2015+AND+ISSN%280022-4596%29+OR+EISSN%280022-4596%29
2018-02-22 15:34:15,460 - elsapy.elsclient - INFO - Sending GET request to https://api.elsevier.com/content/search/scopus?start=1075&count=25&query=SUBJAREA%28MATE%29+AND+DOCTYPE%28ar%29+AND+LANGUAGE%28english%29+AND+PUBYEAR+%3D+2014+AND+ISSN%280925-8388%29+OR+EISSN%280925-8388%29
2018-02-22 15:34:17,240 - elsapy.elsclient - INFO - Sending GET request to https://api.elsevier.com/content/search/scopus?start=350&count=25&query=SUBJAREA%28MATE%29+AND+DOCTYPE%28ar%29+AND+LANGUAGE%28english%29+AND+PUBYEAR+%3D+2015+AND+ISSN%280022-4596%29+OR+EISSN%280022-4596%29
2018-02-22 15:34:17,595 - elsapy.elsclient - INFO - Sending GET request to https://api.elsevier.com/content/search/scopus?start=1100&count=25&query=SUBJAREA%28MATE%29+AND+DOCTYPE%28ar%29+AND+LANGUAGE%28english%29+AND+PUBYEAR+%3D+2014+AND+ISSN%280925-8388%29+OR+EISSN%280925-8388%29
2018-02-22 15:34:19,269 - elsapy.elsclient - INFO - Sending GET request to https://api.elsevier.com/content/search/scopus?start=375&count=25&query=SUBJAREA%28MATE%29+AND+DOCTYPE%28ar%29+AND+LANGUAGE%28english%29+AND+PUBYEAR+%3D+2015+AND+ISSN%280022-4596%29+OR+EISSN%280022-4596%29
2018-02-22 15:34:19,734 - elsapy.elsclient - INFO - Sending GET request to https://api.elsevier.com/content/search/scopus?start=1125&count=25&query=SUBJAREA%28MATE%29+AND+DOCTYPE%28ar%29+AND+LANGUAGE%28english%29+AND+PUBYEAR+%3D+2014+AND+ISSN%280925-8388%29+OR+EISSN%280925-8388%29
2018-02-22 15:34:21,096 - elsapy.elsclient - INFO - Sending GET request to https://api.elsevier.com/content/search/scopus?start=400&count=25&query=SUBJAREA%28MATE%29+AND+DOCTYPE%28ar%29+AND+LANGUAGE%28english%29+AND+PUBYEAR+%3D+2015+AND+ISSN%280022-4596%29+OR+EISSN%280022-4596%29
2018-02-22 15:34:21,568 - elsapy.elsclient - INFO - Sending GET request to https://api.elsevier.com/content/search/scopus?start=1150&count=25&query=SUBJAREA%28MATE%29+AND+DOCTYPE%28ar%29+AND+LANGUAGE%28english%29+AND+PUBYEAR+%3D+2014+AND+ISSN%280925-8388%29+OR+EISSN%280925-8388%29
2018-02-22 15:34:22,917 - elsapy.elsclient - INFO - Sending GET request to https://api.elsevier.com/content/search/scopus?start=425&count=25&query=SUBJAREA%28MATE%29+AND+DOCTYPE%28ar%29+AND+LANGUAGE%28english%29+AND+PUBYEAR+%3D+2015+AND+ISSN%280022-4596%29+OR+EISSN%280022-4596%29
2018-02-22 15:34:23,319 - elsapy.elsclient - INFO - Sending GET request to https://api.elsevier.com/content/search/scopus?query=SUBJAREA(MATE) AND DOCTYPE(ar) AND LANGUAGE(english) AND PUBYEAR = 2011 AND ISSN(0167-6636) OR EISSN(0167-6636)
2018-02-22 15:34:23,380 - elsapy.elsclient - INFO - Sending GET request to https://api.elsevier.com/content/search/scopus?start=1175&count=25&query=SUBJAREA%28MATE%29+AND+DOCTYPE%28ar%29+AND+LANGUAGE%28english%29+AND+PUBYEAR+%3D+2014+AND+ISSN%280925-8388%29+OR+EISSN%280925-8388%29
2018-02-22 15:34:24,708 - elsapy.elsclient - INFO - Sending GET request to https://api.elsevier.com/content/search/scopus?start=450&count=25&query=SUBJAREA%28MATE%29+AND+DOCTYPE%28ar%29+AND+LANGUAGE%28english%29+AND+PUBYEAR+%3D+2015+AND+ISSN%280022-4596%29+OR+EISSN%280022-4596%29
2018-02-22 15:34:25,226 - elsapy.elsclient - INFO - Sending GET request to https://api.elsevier.com/content/search/scopus?start=25&count=25&query=SUBJAREA%28MATE%29+AND+DOCTYPE%28ar%29+AND+LANGUAGE%28english%29+AND+PUBYEAR+%3D+2011+AND+ISSN%280167-6636%29+OR+EISSN%280167-6636%29
2018-02-22 15:34:25,726 - elsapy.elsclient - INFO - Sending GET request to https://api.elsevier.com/content/search/scopus?start=1200&count=25&query=SUBJAREA%28MATE%29+AND+DOCTYPE%28ar%29+AND+LANGUAGE%28english%29+AND+PUBYEAR+%3D+2014+AND+ISSN%280925-8388%29+OR+EISSN%280925-8388%29
2018-02-22 15:34:26,564 - elsapy.elsclient - INFO - Sending GET request to https://api.elsevier.com/content/search/scopus?start=475&count=25&query=SUBJAREA%28MATE%29+AND+DOCTYPE%28ar%29+AND+LANGUAGE%28english%29+AND+PUBYEAR+%3D+2015+AND+ISSN%280022-4596%29+OR+EISSN%280022-4596%29
2018-02-22 15:34:27,026 - elsapy.elsclient - INFO - Sending GET request to https://api.elsevier.com/content/search/scopus?start=50&count=25&query=SUBJAREA%28MATE%29+AND+DOCTYPE%28ar%29+AND+LANGUAGE%28english%29+AND+PUBYEAR+%3D+2011+AND+ISSN%280167-6636%29+OR+EISSN%280167-6636%29
2018-02-22 15:34:27,676 - elsapy.elsclient - INFO - Sending GET request to https://api.elsevier.com/content/search/scopus?start=1225&count=25&query=SUBJAREA%28MATE%29+AND+DOCTYPE%28ar%29+AND+LANGUAGE%28english%29+AND+PUBYEAR+%3D+2014+AND+ISSN%280925-8388%29+OR+EISSN%280925-8388%29
2018-02-22 15:34:29,753 - elsapy.elsclient - INFO - Sending GET request to https://api.elsevier.com/content/search/scopus?start=1250&count=25&query=SUBJAREA%28MATE%29+AND+DOCTYPE%28ar%29+AND+LANGUAGE%28english%29+AND+PUBYEAR+%3D+2014+AND+ISSN%280925-8388%29+OR+EISSN%280925-8388%29
2018-02-22 15:34:30,116 - elsapy.elsclient - INFO - Sending GET request to https://api.elsevier.com/content/search/scopus?start=75&count=25&query=SUBJAREA%28MATE%29+AND+DOCTYPE%28ar%29+AND+LANGUAGE%28english%29+AND+PUBYEAR+%3D+2011+AND+ISSN%280167-6636%29+OR+EISSN%280167-6636%29
2018-02-22 15:34:32,699 - elsapy.elsclient - INFO - Sending GET request to https://api.elsevier.com/content/search/scopus?start=1275&count=25&query=SUBJAREA%28MATE%29+AND+DOCTYPE%28ar%29+AND+LANGUAGE%28english%29+AND+PUBYEAR+%3D+2014+AND+ISSN%280925-8388%29+OR+EISSN%280925-8388%29
2018-02-22 15:34:34,576 - elsapy.elsclient - INFO - Sending GET request to https://api.elsevier.com/content/search/scopus?start=1300&count=25&query=SUBJAREA%28MATE%29+AND+DOCTYPE%28ar%29+AND+LANGUAGE%28english%29+AND+PUBYEAR+%3D+2014+AND+ISSN%280925-8388%29+OR+EISSN%280925-8388%29
2018-02-22 15:34:36,928 - elsapy.elsclient - INFO - Sending GET request to https://api.elsevier.com/content/search/scopus?start=1325&count=25&query=SUBJAREA%28MATE%29+AND+DOCTYPE%28ar%29+AND+LANGUAGE%28english%29+AND+PUBYEAR+%3D+2014+AND+ISSN%280925-8388%29+OR+EISSN%280925-8388%29
2018-02-22 15:34:39,288 - elsapy.elsclient - INFO - Sending GET request to https://api.elsevier.com/content/search/scopus?start=1350&count=25&query=SUBJAREA%28MATE%29+AND+DOCTYPE%28ar%29+AND+LANGUAGE%28english%29+AND+PUBYEAR+%3D+2014+AND+ISSN%280925-8388%29+OR+EISSN%280925-8388%29
2018-02-22 15:34:41,239 - elsapy.elsclient - INFO - Sending GET request to https://api.elsevier.com/content/search/scopus?start=1375&count=25&query=SUBJAREA%28MATE%29+AND+DOCTYPE%28ar%29+AND+LANGUAGE%28english%29+AND+PUBYEAR+%3D+2014+AND+ISSN%280925-8388%29+OR+EISSN%280925-8388%29
2018-02-22 15:34:43,310 - elsapy.elsclient - INFO - Sending GET request to https://api.elsevier.com/content/search/scopus?start=1400&count=25&query=SUBJAREA%28MATE%29+AND+DOCTYPE%28ar%29+AND+LANGUAGE%28english%29+AND+PUBYEAR+%3D+2014+AND+ISSN%280925-8388%29+OR+EISSN%280925-8388%29
2018-02-22 15:34:45,318 - elsapy.elsclient - INFO - Sending GET request to https://api.elsevier.com/content/search/scopus?start=1425&count=25&query=SUBJAREA%28MATE%29+AND+DOCTYPE%28ar%29+AND+LANGUAGE%28english%29+AND+PUBYEAR+%3D+2014+AND+ISSN%280925-8388%29+OR+EISSN%280925-8388%29
2018-02-22 15:34:47,241 - elsapy.elsclient - INFO - Sending GET request to https://api.elsevier.com/content/search/scopus?start=1450&count=25&query=SUBJAREA%28MATE%29+AND+DOCTYPE%28ar%29+AND+LANGUAGE%28english%29+AND+PUBYEAR+%3D+2014+AND+ISSN%280925-8388%29+OR+EISSN%280925-8388%29
2018-02-22 15:34:49,160 - elsapy.elsclient - INFO - Sending GET request to https://api.elsevier.com/content/search/scopus?start=1475&count=25&query=SUBJAREA%28MATE%29+AND+DOCTYPE%28ar%29+AND+LANGUAGE%28english%29+AND+PUBYEAR+%3D+2014+AND+ISSN%280925-8388%29+OR+EISSN%280925-8388%29
2018-02-22 15:34:51,110 - elsapy.elsclient - INFO - Sending GET request to https://api.elsevier.com/content/search/scopus?start=1500&count=25&query=SUBJAREA%28MATE%29+AND+DOCTYPE%28ar%29+AND+LANGUAGE%28english%29+AND+PUBYEAR+%3D+2014+AND+ISSN%280925-8388%29+OR+EISSN%280925-8388%29
2018-02-22 15:34:53,089 - elsapy.elsclient - INFO - Sending GET request to https://api.elsevier.com/content/search/scopus?start=1525&count=25&query=SUBJAREA%28MATE%29+AND+DOCTYPE%28ar%29+AND+LANGUAGE%28english%29+AND+PUBYEAR+%3D+2014+AND+ISSN%280925-8388%29+OR+EISSN%280925-8388%29
2018-02-22 15:34:55,257 - elsapy.elsclient - INFO - Sending GET request to https://api.elsevier.com/content/search/scopus?start=1550&count=25&query=SUBJAREA%28MATE%29+AND+DOCTYPE%28ar%29+AND+LANGUAGE%28english%29+AND+PUBYEAR+%3D+2014+AND+ISSN%280925-8388%29+OR+EISSN%280925-8388%29
2018-02-22 15:34:57,689 - elsapy.elsclient - INFO - Sending GET request to https://api.elsevier.com/content/search/scopus?start=1575&count=25&query=SUBJAREA%28MATE%29+AND+DOCTYPE%28ar%29+AND+LANGUAGE%28english%29+AND+PUBYEAR+%3D+2014+AND+ISSN%280925-8388%29+OR+EISSN%280925-8388%29
2018-02-22 15:35:00,026 - elsapy.elsclient - INFO - Sending GET request to https://api.elsevier.com/content/search/scopus?start=1600&count=25&query=SUBJAREA%28MATE%29+AND+DOCTYPE%28ar%29+AND+LANGUAGE%28english%29+AND+PUBYEAR+%3D+2014+AND+ISSN%280925-8388%29+OR+EISSN%280925-8388%29
2018-02-22 15:35:06,689 - elsapy.elsclient - INFO - Sending GET request to https://api.elsevier.com/content/search/scopus?start=1625&count=25&query=SUBJAREA%28MATE%29+AND+DOCTYPE%28ar%29+AND+LANGUAGE%28english%29+AND+PUBYEAR+%3D+2014+AND+ISSN%280925-8388%29+OR+EISSN%280925-8388%29
2018-02-22 15:35:09,171 - elsapy.elsclient - INFO - Sending GET request to https://api.elsevier.com/content/search/scopus?start=1650&count=25&query=SUBJAREA%28MATE%29+AND+DOCTYPE%28ar%29+AND+LANGUAGE%28english%29+AND+PUBYEAR+%3D+2014+AND+ISSN%280925-8388%29+OR+EISSN%280925-8388%29
2018-02-22 15:35:12,038 - elsapy.elsclient - INFO - Sending GET request to https://api.elsevier.com/content/search/scopus?start=1675&count=25&query=SUBJAREA%28MATE%29+AND+DOCTYPE%28ar%29+AND+LANGUAGE%28english%29+AND+PUBYEAR+%3D+2014+AND+ISSN%280925-8388%29+OR+EISSN%280925-8388%29
2018-02-22 15:35:14,101 - elsapy.elsclient - INFO - Sending GET request to https://api.elsevier.com/content/search/scopus?start=1700&count=25&query=SUBJAREA%28MATE%29+AND+DOCTYPE%28ar%29+AND+LANGUAGE%28english%29+AND+PUBYEAR+%3D+2014+AND+ISSN%280925-8388%29+OR+EISSN%280925-8388%29
2018-02-22 15:35:15,996 - elsapy.elsclient - INFO - Sending GET request to https://api.elsevier.com/content/search/scopus?start=1725&count=25&query=SUBJAREA%28MATE%29+AND+DOCTYPE%28ar%29+AND+LANGUAGE%28english%29+AND+PUBYEAR+%3D+2014+AND+ISSN%280925-8388%29+OR+EISSN%280925-8388%29
2018-02-22 15:35:18,683 - elsapy.elsclient - INFO - Sending GET request to https://api.elsevier.com/content/search/scopus?start=1750&count=25&query=SUBJAREA%28MATE%29+AND+DOCTYPE%28ar%29+AND+LANGUAGE%28english%29+AND+PUBYEAR+%3D+2014+AND+ISSN%280925-8388%29+OR+EISSN%280925-8388%29
2018-02-22 15:35:20,962 - elsapy.elsclient - INFO - Sending GET request to https://api.elsevier.com/content/search/scopus?start=1775&count=25&query=SUBJAREA%28MATE%29+AND+DOCTYPE%28ar%29+AND+LANGUAGE%28english%29+AND+PUBYEAR+%3D+2014+AND+ISSN%280925-8388%29+OR+EISSN%280925-8388%29
2018-02-22 15:35:22,981 - elsapy.elsclient - INFO - Sending GET request to https://api.elsevier.com/content/search/scopus?start=1800&count=25&query=SUBJAREA%28MATE%29+AND+DOCTYPE%28ar%29+AND+LANGUAGE%28english%29+AND+PUBYEAR+%3D+2014+AND+ISSN%280925-8388%29+OR+EISSN%280925-8388%29
2018-02-22 15:35:25,312 - elsapy.elsclient - INFO - Sending GET request to https://api.elsevier.com/content/search/scopus?start=1825&count=25&query=SUBJAREA%28MATE%29+AND+DOCTYPE%28ar%29+AND+LANGUAGE%28english%29+AND+PUBYEAR+%3D+2014+AND+ISSN%280925-8388%29+OR+EISSN%280925-8388%29
2018-02-22 15:35:27,486 - elsapy.elsclient - INFO - Sending GET request to https://api.elsevier.com/content/search/scopus?start=1850&count=25&query=SUBJAREA%28MATE%29+AND+DOCTYPE%28ar%29+AND+LANGUAGE%28english%29+AND+PUBYEAR+%3D+2014+AND+ISSN%280925-8388%29+OR+EISSN%280925-8388%29
2018-02-22 15:35:30,376 - elsapy.elsclient - INFO - Sending GET request to https://api.elsevier.com/content/search/scopus?start=1875&count=25&query=SUBJAREA%28MATE%29+AND+DOCTYPE%28ar%29+AND+LANGUAGE%28english%29+AND+PUBYEAR+%3D+2014+AND+ISSN%280925-8388%29+OR+EISSN%280925-8388%29
2018-02-22 15:35:32,392 - elsapy.elsclient - INFO - Sending GET request to https://api.elsevier.com/content/search/scopus?start=1900&count=25&query=SUBJAREA%28MATE%29+AND+DOCTYPE%28ar%29+AND+LANGUAGE%28english%29+AND+PUBYEAR+%3D+2014+AND+ISSN%280925-8388%29+OR+EISSN%280925-8388%29
2018-02-22 15:35:34,271 - elsapy.elsclient - INFO - Sending GET request to https://api.elsevier.com/content/search/scopus?start=1925&count=25&query=SUBJAREA%28MATE%29+AND+DOCTYPE%28ar%29+AND+LANGUAGE%28english%29+AND+PUBYEAR+%3D+2014+AND+ISSN%280925-8388%29+OR+EISSN%280925-8388%29
2018-02-22 15:35:36,569 - elsapy.elsclient - INFO - Sending GET request to https://api.elsevier.com/content/search/scopus?start=1950&count=25&query=SUBJAREA%28MATE%29+AND+DOCTYPE%28ar%29+AND+LANGUAGE%28english%29+AND+PUBYEAR+%3D+2014+AND+ISSN%280925-8388%29+OR+EISSN%280925-8388%29
2018-02-22 15:35:38,559 - elsapy.elsclient - INFO - Sending GET request to https://api.elsevier.com/content/search/scopus?start=1975&count=25&query=SUBJAREA%28MATE%29+AND+DOCTYPE%28ar%29+AND+LANGUAGE%28english%29+AND+PUBYEAR+%3D+2014+AND+ISSN%280925-8388%29+OR+EISSN%280925-8388%29
2018-02-22 15:35:40,455 - elsapy.elsclient - INFO - Sending GET request to https://api.elsevier.com/content/search/scopus?start=2000&count=25&query=SUBJAREA%28MATE%29+AND+DOCTYPE%28ar%29+AND+LANGUAGE%28english%29+AND+PUBYEAR+%3D+2014+AND+ISSN%280925-8388%29+OR+EISSN%280925-8388%29
2018-02-22 15:35:43,358 - elsapy.elsclient - INFO - Sending GET request to https://api.elsevier.com/content/search/scopus?start=2025&count=25&query=SUBJAREA%28MATE%29+AND+DOCTYPE%28ar%29+AND+LANGUAGE%28english%29+AND+PUBYEAR+%3D+2014+AND+ISSN%280925-8388%29+OR+EISSN%280925-8388%29
2018-02-22 15:35:45,553 - elsapy.elsclient - INFO - Sending GET request to https://api.elsevier.com/content/search/scopus?start=2050&count=25&query=SUBJAREA%28MATE%29+AND+DOCTYPE%28ar%29+AND+LANGUAGE%28english%29+AND+PUBYEAR+%3D+2014+AND+ISSN%280925-8388%29+OR+EISSN%280925-8388%29
2018-02-22 15:35:47,455 - elsapy.elsclient - INFO - Sending GET request to https://api.elsevier.com/content/search/scopus?start=2075&count=25&query=SUBJAREA%28MATE%29+AND+DOCTYPE%28ar%29+AND+LANGUAGE%28english%29+AND+PUBYEAR+%3D+2014+AND+ISSN%280925-8388%29+OR+EISSN%280925-8388%29
2018-02-22 15:35:49,776 - elsapy.elsclient - INFO - Sending GET request to https://api.elsevier.com/content/search/scopus?start=2100&count=25&query=SUBJAREA%28MATE%29+AND+DOCTYPE%28ar%29+AND+LANGUAGE%28english%29+AND+PUBYEAR+%3D+2014+AND+ISSN%280925-8388%29+OR+EISSN%280925-8388%29
2018-02-22 15:35:52,305 - elsapy.elsclient - INFO - Sending GET request to https://api.elsevier.com/content/search/scopus?start=2125&count=25&query=SUBJAREA%28MATE%29+AND+DOCTYPE%28ar%29+AND+LANGUAGE%28english%29+AND+PUBYEAR+%3D+2014+AND+ISSN%280925-8388%29+OR+EISSN%280925-8388%29
2018-02-22 15:35:54,236 - elsapy.elsclient - INFO - Sending GET request to https://api.elsevier.com/content/search/scopus?start=2150&count=25&query=SUBJAREA%28MATE%29+AND+DOCTYPE%28ar%29+AND+LANGUAGE%28english%29+AND+PUBYEAR+%3D+2014+AND+ISSN%280925-8388%29+OR+EISSN%280925-8388%29
2018-02-22 15:35:56,616 - elsapy.elsclient - INFO - Sending GET request to https://api.elsevier.com/content/search/scopus?start=2175&count=25&query=SUBJAREA%28MATE%29+AND+DOCTYPE%28ar%29+AND+LANGUAGE%28english%29+AND+PUBYEAR+%3D+2014+AND+ISSN%280925-8388%29+OR+EISSN%280925-8388%29
2018-02-22 15:35:59,241 - elsapy.elsclient - INFO - Sending GET request to https://api.elsevier.com/content/search/scopus?start=2200&count=25&query=SUBJAREA%28MATE%29+AND+DOCTYPE%28ar%29+AND+LANGUAGE%28english%29+AND+PUBYEAR+%3D+2014+AND+ISSN%280925-8388%29+OR+EISSN%280925-8388%29
2018-02-22 15:36:01,726 - elsapy.elsclient - INFO - Sending GET request to https://api.elsevier.com/content/search/scopus?start=2225&count=25&query=SUBJAREA%28MATE%29+AND+DOCTYPE%28ar%29+AND+LANGUAGE%28english%29+AND+PUBYEAR+%3D+2014+AND+ISSN%280925-8388%29+OR+EISSN%280925-8388%29
2018-02-22 15:36:04,582 - elsapy.elsclient - INFO - Sending GET request to https://api.elsevier.com/content/search/scopus?start=2250&count=25&query=SUBJAREA%28MATE%29+AND+DOCTYPE%28ar%29+AND+LANGUAGE%28english%29+AND+PUBYEAR+%3D+2014+AND+ISSN%280925-8388%29+OR+EISSN%280925-8388%29
2018-02-22 15:36:06,263 - elsapy.elsclient - INFO - Sending GET request to https://api.elsevier.com/content/search/scopus?query=SUBJAREA(MATE) AND DOCTYPE(ar) AND LANGUAGE(english) AND PUBYEAR = 2002 AND ISSN(0925-3467) OR EISSN(0925-3467)
2018-02-22 15:36:07,269 - elsapy.elsclient - INFO - Sending GET request to https://api.elsevier.com/content/search/scopus?start=2275&count=25&query=SUBJAREA%28MATE%29+AND+DOCTYPE%28ar%29+AND+LANGUAGE%28english%29+AND+PUBYEAR+%3D+2014+AND+ISSN%280925-8388%29+OR+EISSN%280925-8388%29
2018-02-22 15:36:08,232 - elsapy.elsclient - INFO - Sending GET request to https://api.elsevier.com/content/search/scopus?start=25&count=25&query=SUBJAREA%28MATE%29+AND+DOCTYPE%28ar%29+AND+LANGUAGE%28english%29+AND+PUBYEAR+%3D+2002+AND+ISSN%280925-3467%29+OR+EISSN%280925-3467%29
2018-02-22 15:36:09,565 - elsapy.elsclient - INFO - Sending GET request to https://api.elsevier.com/content/search/scopus?start=2300&count=25&query=SUBJAREA%28MATE%29+AND+DOCTYPE%28ar%29+AND+LANGUAGE%28english%29+AND+PUBYEAR+%3D+2014+AND+ISSN%280925-8388%29+OR+EISSN%280925-8388%29
2018-02-22 15:36:10,020 - elsapy.elsclient - INFO - Sending GET request to https://api.elsevier.com/content/search/scopus?start=50&count=25&query=SUBJAREA%28MATE%29+AND+DOCTYPE%28ar%29+AND+LANGUAGE%28english%29+AND+PUBYEAR+%3D+2002+AND+ISSN%280925-3467%29+OR+EISSN%280925-3467%29
2018-02-22 15:36:11,705 - elsapy.elsclient - INFO - Sending GET request to https://api.elsevier.com/content/search/scopus?start=2325&count=25&query=SUBJAREA%28MATE%29+AND+DOCTYPE%28ar%29+AND+LANGUAGE%28english%29+AND+PUBYEAR+%3D+2014+AND+ISSN%280925-8388%29+OR+EISSN%280925-8388%29
2018-02-22 15:36:11,778 - elsapy.elsclient - INFO - Sending GET request to https://api.elsevier.com/content/search/scopus?start=75&count=25&query=SUBJAREA%28MATE%29+AND+DOCTYPE%28ar%29+AND+LANGUAGE%28english%29+AND+PUBYEAR+%3D+2002+AND+ISSN%280925-3467%29+OR+EISSN%280925-3467%29
2018-02-22 15:36:14,209 - elsapy.elsclient - INFO - Sending GET request to https://api.elsevier.com/content/search/scopus?start=2350&count=25&query=SUBJAREA%28MATE%29+AND+DOCTYPE%28ar%29+AND+LANGUAGE%28english%29+AND+PUBYEAR+%3D+2014+AND+ISSN%280925-8388%29+OR+EISSN%280925-8388%29
2018-02-22 15:36:16,501 - elsapy.elsclient - INFO - Sending GET request to https://api.elsevier.com/content/search/scopus?start=2375&count=25&query=SUBJAREA%28MATE%29+AND+DOCTYPE%28ar%29+AND+LANGUAGE%28english%29+AND+PUBYEAR+%3D+2014+AND+ISSN%280925-8388%29+OR+EISSN%280925-8388%29
2018-02-22 15:36:18,406 - elsapy.elsclient - INFO - Sending GET request to https://api.elsevier.com/content/search/scopus?start=2400&count=25&query=SUBJAREA%28MATE%29+AND+DOCTYPE%28ar%29+AND+LANGUAGE%28english%29+AND+PUBYEAR+%3D+2014+AND+ISSN%280925-8388%29+OR+EISSN%280925-8388%29
2018-02-22 15:36:20,526 - elsapy.elsclient - INFO - Sending GET request to https://api.elsevier.com/content/search/scopus?start=2425&count=25&query=SUBJAREA%28MATE%29+AND+DOCTYPE%28ar%29+AND+LANGUAGE%28english%29+AND+PUBYEAR+%3D+2014+AND+ISSN%280925-8388%29+OR+EISSN%280925-8388%29
2018-02-22 15:36:22,497 - elsapy.elsclient - INFO - Sending GET request to https://api.elsevier.com/content/search/scopus?start=2450&count=25&query=SUBJAREA%28MATE%29+AND+DOCTYPE%28ar%29+AND+LANGUAGE%28english%29+AND+PUBYEAR+%3D+2014+AND+ISSN%280925-8388%29+OR+EISSN%280925-8388%29
2018-02-22 15:36:24,552 - elsapy.elsclient - INFO - Sending GET request to https://api.elsevier.com/content/search/scopus?start=2475&count=25&query=SUBJAREA%28MATE%29+AND+DOCTYPE%28ar%29+AND+LANGUAGE%28english%29+AND+PUBYEAR+%3D+2014+AND+ISSN%280925-8388%29+OR+EISSN%280925-8388%29
2018-02-22 15:36:26,647 - elsapy.elsclient - INFO - Sending GET request to https://api.elsevier.com/content/search/scopus?start=2500&count=25&query=SUBJAREA%28MATE%29+AND+DOCTYPE%28ar%29+AND+LANGUAGE%28english%29+AND+PUBYEAR+%3D+2014+AND+ISSN%280925-8388%29+OR+EISSN%280925-8388%29
2018-02-22 15:36:28,948 - elsapy.elsclient - INFO - Sending GET request to https://api.elsevier.com/content/search/scopus?start=2525&count=25&query=SUBJAREA%28MATE%29+AND+DOCTYPE%28ar%29+AND+LANGUAGE%28english%29+AND+PUBYEAR+%3D+2014+AND+ISSN%280925-8388%29+OR+EISSN%280925-8388%29
2018-02-22 15:36:31,442 - elsapy.elsclient - INFO - Sending GET request to https://api.elsevier.com/content/search/scopus?start=2550&count=25&query=SUBJAREA%28MATE%29+AND+DOCTYPE%28ar%29+AND+LANGUAGE%28english%29+AND+PUBYEAR+%3D+2014+AND+ISSN%280925-8388%29+OR+EISSN%280925-8388%29
2018-02-22 15:36:34,129 - elsapy.elsclient - INFO - Sending GET request to https://api.elsevier.com/content/search/scopus?start=2575&count=25&query=SUBJAREA%28MATE%29+AND+DOCTYPE%28ar%29+AND+LANGUAGE%28english%29+AND+PUBYEAR+%3D+2014+AND+ISSN%280925-8388%29+OR+EISSN%280925-8388%29
2018-02-22 15:36:36,346 - elsapy.elsclient - INFO - Sending GET request to https://api.elsevier.com/content/search/scopus?start=2600&count=25&query=SUBJAREA%28MATE%29+AND+DOCTYPE%28ar%29+AND+LANGUAGE%28english%29+AND+PUBYEAR+%3D+2014+AND+ISSN%280925-8388%29+OR+EISSN%280925-8388%29
2018-02-22 15:36:38,639 - elsapy.elsclient - INFO - Sending GET request to https://api.elsevier.com/content/search/scopus?start=2625&count=25&query=SUBJAREA%28MATE%29+AND+DOCTYPE%28ar%29+AND+LANGUAGE%28english%29+AND+PUBYEAR+%3D+2014+AND+ISSN%280925-8388%29+OR+EISSN%280925-8388%29
2018-02-22 15:36:40,764 - elsapy.elsclient - INFO - Sending GET request to https://api.elsevier.com/content/search/scopus?start=2650&count=25&query=SUBJAREA%28MATE%29+AND+DOCTYPE%28ar%29+AND+LANGUAGE%28english%29+AND+PUBYEAR+%3D+2014+AND+ISSN%280925-8388%29+OR+EISSN%280925-8388%29
2018-02-22 15:36:43,300 - elsapy.elsclient - INFO - Sending GET request to https://api.elsevier.com/content/search/scopus?start=2675&count=25&query=SUBJAREA%28MATE%29+AND+DOCTYPE%28ar%29+AND+LANGUAGE%28english%29+AND+PUBYEAR+%3D+2014+AND+ISSN%280925-8388%29+OR+EISSN%280925-8388%29
2018-02-22 15:36:45,294 - elsapy.elsclient - INFO - Sending GET request to https://api.elsevier.com/content/search/scopus?start=2700&count=25&query=SUBJAREA%28MATE%29+AND+DOCTYPE%28ar%29+AND+LANGUAGE%28english%29+AND+PUBYEAR+%3D+2014+AND+ISSN%280925-8388%29+OR+EISSN%280925-8388%29
2018-02-22 15:36:47,220 - elsapy.elsclient - INFO - Sending GET request to https://api.elsevier.com/content/search/scopus?start=2725&count=25&query=SUBJAREA%28MATE%29+AND+DOCTYPE%28ar%29+AND+LANGUAGE%28english%29+AND+PUBYEAR+%3D+2014+AND+ISSN%280925-8388%29+OR+EISSN%280925-8388%29
2018-02-22 15:36:49,249 - elsapy.elsclient - INFO - Sending GET request to https://api.elsevier.com/content/search/scopus?start=2750&count=25&query=SUBJAREA%28MATE%29+AND+DOCTYPE%28ar%29+AND+LANGUAGE%28english%29+AND+PUBYEAR+%3D+2014+AND+ISSN%280925-8388%29+OR+EISSN%280925-8388%29
2018-02-22 15:36:51,162 - elsapy.elsclient - INFO - Sending GET request to https://api.elsevier.com/content/search/scopus?start=2775&count=25&query=SUBJAREA%28MATE%29+AND+DOCTYPE%28ar%29+AND+LANGUAGE%28english%29+AND+PUBYEAR+%3D+2014+AND+ISSN%280925-8388%29+OR+EISSN%280925-8388%29
2018-02-22 15:36:53,224 - elsapy.elsclient - INFO - Sending GET request to https://api.elsevier.com/content/search/scopus?start=2800&count=25&query=SUBJAREA%28MATE%29+AND+DOCTYPE%28ar%29+AND+LANGUAGE%28english%29+AND+PUBYEAR+%3D+2014+AND+ISSN%280925-8388%29+OR+EISSN%280925-8388%29
2018-02-22 15:37:42,839 - elsapy.elsclient - INFO - Sending GET request to https://api.elsevier.com/content/search/scopus?query=SUBJAREA(MATE) AND DOCTYPE(ar) AND LANGUAGE(english) AND PUBYEAR = 2002 AND ISSN(1002-0071) OR EISSN(1002-0071)
2018-02-22 15:37:44,600 - elsapy.elsclient - INFO - Sending GET request to https://api.elsevier.com/content/search/scopus?start=25&count=25&query=SUBJAREA%28MATE%29+AND+DOCTYPE%28ar%29+AND+LANGUAGE%28english%29+AND+PUBYEAR+%3D+2002+AND+ISSN%281002-0071%29+OR+EISSN%281002-0071%29
2018-02-22 15:37:46,326 - elsapy.elsclient - INFO - Sending GET request to https://api.elsevier.com/content/search/scopus?start=50&count=25&query=SUBJAREA%28MATE%29+AND+DOCTYPE%28ar%29+AND+LANGUAGE%28english%29+AND+PUBYEAR+%3D+2002+AND+ISSN%281002-0071%29+OR+EISSN%281002-0071%29
2018-02-22 15:37:48,204 - elsapy.elsclient - INFO - Sending GET request to https://api.elsevier.com/content/search/scopus?start=75&count=25&query=SUBJAREA%28MATE%29+AND+DOCTYPE%28ar%29+AND+LANGUAGE%28english%29+AND+PUBYEAR+%3D+2002+AND+ISSN%281002-0071%29+OR+EISSN%281002-0071%29
2018-02-22 15:37:49,955 - elsapy.elsclient - INFO - Sending GET request to https://api.elsevier.com/content/search/scopus?query=SUBJAREA(MATE) AND DOCTYPE(ar) AND LANGUAGE(english) AND PUBYEAR = 1989 AND ISSN(0142-9612) OR EISSN(0142-9612)
2018-02-22 15:37:51,719 - elsapy.elsclient - INFO - Sending GET request to https://api.elsevier.com/content/search/scopus?start=25&count=25&query=SUBJAREA%28MATE%29+AND+DOCTYPE%28ar%29+AND+LANGUAGE%28english%29+AND+PUBYEAR+%3D+1989+AND+ISSN%280142-9612%29+OR+EISSN%280142-9612%29
2018-02-22 15:37:53,599 - elsapy.elsclient - INFO - Sending GET request to https://api.elsevier.com/content/search/scopus?start=50&count=25&query=SUBJAREA%28MATE%29+AND+DOCTYPE%28ar%29+AND+LANGUAGE%28english%29+AND+PUBYEAR+%3D+1989+AND+ISSN%280142-9612%29+OR+EISSN%280142-9612%29
2018-02-22 15:37:55,532 - elsapy.elsclient - INFO - Sending GET request to https://api.elsevier.com/content/search/scopus?start=75&count=25&query=SUBJAREA%28MATE%29+AND+DOCTYPE%28ar%29+AND+LANGUAGE%28english%29+AND+PUBYEAR+%3D+1989+AND+ISSN%280142-9612%29+OR+EISSN%280142-9612%29
2018-02-22 15:39:27,204 - elsapy.elsclient - INFO - Sending GET request to https://api.elsevier.com/content/search/scopus?query=SUBJAREA(MATE) AND DOCTYPE(ar) AND LANGUAGE(english) AND PUBYEAR = 1985 AND ISSN(0026-0657) OR EISSN(0026-0657)
2018-02-22 15:39:29,126 - elsapy.elsclient - INFO - Sending GET request to https://api.elsevier.com/content/search/scopus?start=25&count=25&query=SUBJAREA%28MATE%29+AND+DOCTYPE%28ar%29+AND+LANGUAGE%28english%29+AND+PUBYEAR+%3D+1985+AND+ISSN%280026-0657%29+OR+EISSN%280026-0657%29
2018-02-22 15:39:30,858 - elsapy.elsclient - INFO - Sending GET request to https://api.elsevier.com/content/search/scopus?start=50&count=25&query=SUBJAREA%28MATE%29+AND+DOCTYPE%28ar%29+AND+LANGUAGE%28english%29+AND+PUBYEAR+%3D+1985+AND+ISSN%280026-0657%29+OR+EISSN%280026-0657%29
2018-02-22 15:39:32,914 - elsapy.elsclient - INFO - Sending GET request to https://api.elsevier.com/content/search/scopus?start=75&count=25&query=SUBJAREA%28MATE%29+AND+DOCTYPE%28ar%29+AND+LANGUAGE%28english%29+AND+PUBYEAR+%3D+1985+AND+ISSN%280026-0657%29+OR+EISSN%280026-0657%29
2018-02-22 15:39:34,583 - elsapy.elsclient - INFO - Sending GET request to https://api.elsevier.com/content/search/scopus?query=SUBJAREA(MATE) AND DOCTYPE(ar) AND LANGUAGE(english) AND PUBYEAR = 1997 AND ISSN(0143-8166) OR EISSN(0143-8166)
2018-02-22 15:39:37,165 - elsapy.elsclient - INFO - Sending GET request to https://api.elsevier.com/content/search/scopus?start=25&count=25&query=SUBJAREA%28MATE%29+AND+DOCTYPE%28ar%29+AND+LANGUAGE%28english%29+AND+PUBYEAR+%3D+1997+AND+ISSN%280143-8166%29+OR+EISSN%280143-8166%29
2018-02-22 15:39:39,308 - elsapy.elsclient - INFO - Sending GET request to https://api.elsevier.com/content/search/scopus?start=50&count=25&query=SUBJAREA%28MATE%29+AND+DOCTYPE%28ar%29+AND+LANGUAGE%28english%29+AND+PUBYEAR+%3D+1997+AND+ISSN%280143-8166%29+OR+EISSN%280143-8166%29
2018-02-22 15:39:41,568 - elsapy.elsclient - INFO - Sending GET request to https://api.elsevier.com/content/search/scopus?start=75&count=25&query=SUBJAREA%28MATE%29+AND+DOCTYPE%28ar%29+AND+LANGUAGE%28english%29+AND+PUBYEAR+%3D+1997+AND+ISSN%280143-8166%29+OR+EISSN%280143-8166%29
2018-02-22 15:40:12,211 - elsapy.elsclient - INFO - Sending GET request to https://api.elsevier.com/content/search/scopus?query=SUBJAREA(MATE) AND DOCTYPE(ar) AND LANGUAGE(english) AND PUBYEAR = 2005 AND ISSN(0109-5641) OR EISSN(0109-5641)
2018-02-22 15:40:14,104 - elsapy.elsclient - INFO - Sending GET request to https://api.elsevier.com/content/search/scopus?start=25&count=25&query=SUBJAREA%28MATE%29+AND+DOCTYPE%28ar%29+AND+LANGUAGE%28english%29+AND+PUBYEAR+%3D+2005+AND+ISSN%280109-5641%29+OR+EISSN%280109-5641%29
2018-02-22 15:40:15,883 - elsapy.elsclient - INFO - Sending GET request to https://api.elsevier.com/content/search/scopus?start=50&count=25&query=SUBJAREA%28MATE%29+AND+DOCTYPE%28ar%29+AND+LANGUAGE%28english%29+AND+PUBYEAR+%3D+2005+AND+ISSN%280109-5641%29+OR+EISSN%280109-5641%29
2018-02-22 15:40:17,921 - elsapy.elsclient - INFO - Sending GET request to https://api.elsevier.com/content/search/scopus?start=75&count=25&query=SUBJAREA%28MATE%29+AND+DOCTYPE%28ar%29+AND+LANGUAGE%28english%29+AND+PUBYEAR+%3D+2005+AND+ISSN%280109-5641%29+OR+EISSN%280109-5641%29
2018-02-22 15:42:02,427 - elsapy.elsclient - INFO - Sending GET request to https://api.elsevier.com/content/search/scopus?query=SUBJAREA(MATE) AND DOCTYPE(ar) AND LANGUAGE(english) AND PUBYEAR = 2000 AND ISSN(0143-8166) OR EISSN(0143-8166)
2018-02-22 15:42:04,419 - elsapy.elsclient - INFO - Sending GET request to https://api.elsevier.com/content/search/scopus?start=25&count=25&query=SUBJAREA%28MATE%29+AND+DOCTYPE%28ar%29+AND+LANGUAGE%28english%29+AND+PUBYEAR+%3D+2000+AND+ISSN%280143-8166%29+OR+EISSN%280143-8166%29
2018-02-22 15:42:06,233 - elsapy.elsclient - INFO - Sending GET request to https://api.elsevier.com/content/search/scopus?start=50&count=25&query=SUBJAREA%28MATE%29+AND+DOCTYPE%28ar%29+AND+LANGUAGE%28english%29+AND+PUBYEAR+%3D+2000+AND+ISSN%280143-8166%29+OR+EISSN%280143-8166%29
2018-02-22 15:42:08,085 - elsapy.elsclient - INFO - Sending GET request to https://api.elsevier.com/content/search/scopus?start=75&count=25&query=SUBJAREA%28MATE%29+AND+DOCTYPE%28ar%29+AND+LANGUAGE%28english%29+AND+PUBYEAR+%3D+2000+AND+ISSN%280143-8166%29+OR+EISSN%280143-8166%29
2018-02-22 15:43:30,466 - elsapy.elsclient - INFO - Sending GET request to https://api.elsevier.com/content/search/scopus?query=SUBJAREA(MATE) AND DOCTYPE(ar) AND LANGUAGE(english) AND PUBYEAR = 2004 AND ISSN(0030-3992) OR EISSN(0030-3992)
2018-02-22 15:43:32,185 - elsapy.elsclient - INFO - Sending GET request to https://api.elsevier.com/content/search/scopus?start=25&count=25&query=SUBJAREA%28MATE%29+AND+DOCTYPE%28ar%29+AND+LANGUAGE%28english%29+AND+PUBYEAR+%3D+2004+AND+ISSN%280030-3992%29+OR+EISSN%280030-3992%29
2018-02-22 15:43:34,184 - elsapy.elsclient - INFO - Sending GET request to https://api.elsevier.com/content/search/scopus?start=50&count=25&query=SUBJAREA%28MATE%29+AND+DOCTYPE%28ar%29+AND+LANGUAGE%28english%29+AND+PUBYEAR+%3D+2004+AND+ISSN%280030-3992%29+OR+EISSN%280030-3992%29
2018-02-22 15:43:38,447 - elsapy.elsclient - INFO - Sending GET request to https://api.elsevier.com/content/search/scopus?start=75&count=25&query=SUBJAREA%28MATE%29+AND+DOCTYPE%28ar%29+AND+LANGUAGE%28english%29+AND+PUBYEAR+%3D+2004+AND+ISSN%280030-3992%29+OR+EISSN%280030-3992%29
2018-02-22 15:45:03,080 - elsapy.elsclient - INFO - Sending GET request to https://api.elsevier.com/content/search/scopus?query=SUBJAREA(MATE) AND DOCTYPE(ar) AND LANGUAGE(english) AND PUBYEAR = 1998 AND ISSN(1359-8368) OR EISSN(1359-8368)
2018-02-22 15:45:04,938 - elsapy.elsclient - INFO - Sending GET request to https://api.elsevier.com/content/search/scopus?start=25&count=25&query=SUBJAREA%28MATE%29+AND+DOCTYPE%28ar%29+AND+LANGUAGE%28english%29+AND+PUBYEAR+%3D+1998+AND+ISSN%281359-8368%29+OR+EISSN%281359-8368%29
2018-02-22 15:45:06,854 - elsapy.elsclient - INFO - Sending GET request to https://api.elsevier.com/content/search/scopus?start=50&count=25&query=SUBJAREA%28MATE%29+AND+DOCTYPE%28ar%29+AND+LANGUAGE%28english%29+AND+PUBYEAR+%3D+1998+AND+ISSN%281359-8368%29+OR+EISSN%281359-8368%29
2018-02-22 15:45:08,842 - elsapy.elsclient - INFO - Sending GET request to https://api.elsevier.com/content/search/scopus?start=75&count=25&query=SUBJAREA%28MATE%29+AND+DOCTYPE%28ar%29+AND+LANGUAGE%28english%29+AND+PUBYEAR+%3D+1998+AND+ISSN%281359-8368%29+OR+EISSN%281359-8368%29
2018-02-22 15:46:31,168 - elsapy.elsclient - INFO - Sending GET request to https://api.elsevier.com/content/search/scopus?query=SUBJAREA(MATE) AND DOCTYPE(ar) AND LANGUAGE(english) AND PUBYEAR = 2000 AND ISSN(1044-5803) OR EISSN(1044-5803)
2018-02-22 15:46:32,952 - elsapy.elsclient - INFO - Sending GET request to https://api.elsevier.com/content/search/scopus?start=25&count=25&query=SUBJAREA%28MATE%29+AND+DOCTYPE%28ar%29+AND+LANGUAGE%28english%29+AND+PUBYEAR+%3D+2000+AND+ISSN%281044-5803%29+OR+EISSN%281044-5803%29
2018-02-22 15:46:34,692 - elsapy.elsclient - INFO - Sending GET request to https://api.elsevier.com/content/search/scopus?start=50&count=25&query=SUBJAREA%28MATE%29+AND+DOCTYPE%28ar%29+AND+LANGUAGE%28english%29+AND+PUBYEAR+%3D+2000+AND+ISSN%281044-5803%29+OR+EISSN%281044-5803%29
2018-02-22 15:46:36,565 - elsapy.elsclient - INFO - Sending GET request to https://api.elsevier.com/content/search/scopus?start=75&count=25&query=SUBJAREA%28MATE%29+AND+DOCTYPE%28ar%29+AND+LANGUAGE%28english%29+AND+PUBYEAR+%3D+2000+AND+ISSN%281044-5803%29+OR+EISSN%281044-5803%29
2018-02-22 15:47:58,156 - elsapy.elsclient - INFO - Sending GET request to https://api.elsevier.com/content/search/scopus?query=SUBJAREA(MATE) AND DOCTYPE(ar) AND LANGUAGE(english) AND PUBYEAR = 1968 AND ISSN(0010-938X) OR EISSN(0010-938X)
2018-02-22 15:47:59,979 - elsapy.elsclient - INFO - Sending GET request to https://api.elsevier.com/content/search/scopus?start=25&count=25&query=SUBJAREA%28MATE%29+AND+DOCTYPE%28ar%29+AND+LANGUAGE%28english%29+AND+PUBYEAR+%3D+1968+AND+ISSN%280010-938X%29+OR+EISSN%280010-938X%29
2018-02-22 15:48:01,897 - elsapy.elsclient - INFO - Sending GET request to https://api.elsevier.com/content/search/scopus?start=50&count=25&query=SUBJAREA%28MATE%29+AND+DOCTYPE%28ar%29+AND+LANGUAGE%28english%29+AND+PUBYEAR+%3D+1968+AND+ISSN%280010-938X%29+OR+EISSN%280010-938X%29
2018-02-22 15:48:04,177 - elsapy.elsclient - INFO - Sending GET request to https://api.elsevier.com/content/search/scopus?start=75&count=25&query=SUBJAREA%28MATE%29+AND+DOCTYPE%28ar%29+AND+LANGUAGE%28english%29+AND+PUBYEAR+%3D+1968+AND+ISSN%280010-938X%29+OR+EISSN%280010-938X%29
2018-02-22 15:49:02,012 - elsapy.elsclient - INFO - Sending GET request to https://api.elsevier.com/content/search/scopus?query=SUBJAREA(MATE) AND DOCTYPE(ar) AND LANGUAGE(english) AND PUBYEAR = 1968 AND ISSN(0032-3861) OR EISSN(0032-3861)
2018-02-22 15:49:04,069 - elsapy.elsclient - INFO - Sending GET request to https://api.elsevier.com/content/search/scopus?start=25&count=25&query=SUBJAREA%28MATE%29+AND+DOCTYPE%28ar%29+AND+LANGUAGE%28english%29+AND+PUBYEAR+%3D+1968+AND+ISSN%280032-3861%29+OR+EISSN%280032-3861%29
2018-02-22 15:49:06,168 - elsapy.elsclient - INFO - Sending GET request to https://api.elsevier.com/content/search/scopus?start=50&count=25&query=SUBJAREA%28MATE%29+AND+DOCTYPE%28ar%29+AND+LANGUAGE%28english%29+AND+PUBYEAR+%3D+1968+AND+ISSN%280032-3861%29+OR+EISSN%280032-3861%29
2018-02-22 15:49:07,969 - elsapy.elsclient - INFO - Sending GET request to https://api.elsevier.com/content/search/scopus?start=75&count=25&query=SUBJAREA%28MATE%29+AND+DOCTYPE%28ar%29+AND+LANGUAGE%28english%29+AND+PUBYEAR+%3D+1968+AND+ISSN%280032-3861%29+OR+EISSN%280032-3861%29
2018-02-22 15:49:09,711 - elsapy.elsclient - INFO - Sending GET request to https://api.elsevier.com/content/search/scopus?query=SUBJAREA(MATE) AND DOCTYPE(ar) AND LANGUAGE(english) AND PUBYEAR = 2006 AND ISSN(1566-1199) OR EISSN(1566-1199)
2018-02-22 15:49:11,471 - elsapy.elsclient - INFO - Sending GET request to https://api.elsevier.com/content/search/scopus?start=25&count=25&query=SUBJAREA%28MATE%29+AND+DOCTYPE%28ar%29+AND+LANGUAGE%28english%29+AND+PUBYEAR+%3D+2006+AND+ISSN%281566-1199%29+OR+EISSN%281566-1199%29
2018-02-22 15:49:13,263 - elsapy.elsclient - INFO - Sending GET request to https://api.elsevier.com/content/search/scopus?start=50&count=25&query=SUBJAREA%28MATE%29+AND+DOCTYPE%28ar%29+AND+LANGUAGE%28english%29+AND+PUBYEAR+%3D+2006+AND+ISSN%281566-1199%29+OR+EISSN%281566-1199%29
2018-02-22 15:49:15,220 - elsapy.elsclient - INFO - Sending GET request to https://api.elsevier.com/content/search/scopus?start=75&count=25&query=SUBJAREA%28MATE%29+AND+DOCTYPE%28ar%29+AND+LANGUAGE%28english%29+AND+PUBYEAR+%3D+2006+AND+ISSN%281566-1199%29+OR+EISSN%281566-1199%29
2018-02-22 15:50:41,128 - elsapy.elsclient - INFO - Sending GET request to https://api.elsevier.com/content/search/scopus?query=SUBJAREA(MATE) AND DOCTYPE(ar) AND LANGUAGE(english) AND PUBYEAR = 2003 AND ISSN(0143-974X) OR EISSN(0143-974X)
2018-02-22 15:50:43,076 - elsapy.elsclient - INFO - Sending GET request to https://api.elsevier.com/content/search/scopus?start=25&count=25&query=SUBJAREA%28MATE%29+AND+DOCTYPE%28ar%29+AND+LANGUAGE%28english%29+AND+PUBYEAR+%3D+2003+AND+ISSN%280143-974X%29+OR+EISSN%280143-974X%29
2018-02-22 15:50:44,782 - elsapy.elsclient - INFO - Sending GET request to https://api.elsevier.com/content/search/scopus?start=50&count=25&query=SUBJAREA%28MATE%29+AND+DOCTYPE%28ar%29+AND+LANGUAGE%28english%29+AND+PUBYEAR+%3D+2003+AND+ISSN%280143-974X%29+OR+EISSN%280143-974X%29
2018-02-22 15:50:46,568 - elsapy.elsclient - INFO - Sending GET request to https://api.elsevier.com/content/search/scopus?start=75&count=25&query=SUBJAREA%28MATE%29+AND+DOCTYPE%28ar%29+AND+LANGUAGE%28english%29+AND+PUBYEAR+%3D+2003+AND+ISSN%280143-974X%29+OR+EISSN%280143-974X%29
